2026-02-06 17:32:32 [main] INFO com.ui.listeners.TestListener Test Suite Started 
2026-02-06 17:32:33 [main] INFO com.ui.tests.LoginTestNew Load the homepage of the website 
2026-02-06 17:32:33 [main] INFO com.ui.pages.HomePage Launching browser forCHROME 
2026-02-06 17:32:41 [main] INFO com.ui.pages.HomePage Navigating to the Website:https://automationpractice.techwithjatin.com/ 
2026-02-06 17:32:51 [main] INFO com.ui.listeners.TestListener loginCSVTest 
2026-02-06 17:32:51 [main] INFO com.ui.listeners.TestListener verifies with valid credentials user is able to login to the Application 
2026-02-06 17:32:51 [main] INFO com.ui.listeners.TestListener [e2e, sanity] 
2026-02-06 17:32:51 [main] INFO com.ui.pages.HomePage Trying to perform click actio on sign in page 
2026-02-06 17:32:51 [main] INFO com.ui.pages.HomePage Finding element with the locatorBy.xpath: //a[contains(text(),'Sign')] 
2026-02-06 17:32:51 [main] INFO com.ui.pages.HomePage Element found and performing click actionBy.xpath: //a[contains(text(),'Sign')] 
2026-02-06 17:32:52 [main] INFO com.ui.pages.LoginPage Finding element with the locatorBy.xpath: //input[@id='email'] 
2026-02-06 17:32:52 [main] INFO com.ui.pages.LoginPage Element found and clearing the textBy.xpath: //input[@id='email'] 
2026-02-06 17:32:53 [main] INFO com.ui.pages.LoginPage Finding element with the locatorBy.xpath: //input[@id='email'] 
2026-02-06 17:32:53 [main] INFO com.ui.pages.LoginPage Element found and now enter textspmaverick@gmail.com 
2026-02-06 17:32:54 [main] INFO com.ui.pages.LoginPage Finding element with the locatorBy.xpath: //input[@id='passwd'] 
2026-02-06 17:32:54 [main] INFO com.ui.pages.LoginPage Element found and clearing the textBy.xpath: //input[@id='passwd'] 
2026-02-06 17:32:54 [main] INFO com.ui.pages.LoginPage Finding element with the locatorBy.xpath: //input[@id='passwd'] 
2026-02-06 17:32:54 [main] INFO com.ui.pages.LoginPage Element found and now enter textpassword 
2026-02-06 17:32:54 [main] INFO com.ui.pages.LoginPage Finding element with the locatorBy.xpath: //button[@id='SubmitLogin'] 
2026-02-06 17:32:54 [main] INFO com.ui.pages.LoginPage Element found and performing click actionBy.xpath: //button[@id='SubmitLogin'] 
2026-02-06 17:32:55 [main] INFO com.ui.pages.MyAccountPage Finding element with the locatorBy.xpath: //span[normalize-space()='Naman datte'] 
2026-02-06 17:32:55 [main] ERROR com.ui.listeners.TestListener loginCSVTest FAILED 
2026-02-06 17:32:55 [main] ERROR com.ui.listeners.TestListener no such element: Unable to locate element: {"method":"xpath","selector":"//span[normalize-space()='Naman datte']"}
  (Session info: chrome=145.0.7632.46)
For documentation on this error, please visit: https://www.selenium.dev/documentation/webdriver/troubleshooting/errors#no-such-element-exception
Build info: version: '4.34.0', revision: '707dcb4246*'
System info: os.name: 'Windows 10', os.arch: 'amd64', os.version: '10.0', java.version: '17.0.10'
Driver info: org.openqa.selenium.chrome.ChromeDriver
Command: [a8932db4b6a3205d40c0472c6b5f5fc9, findElement {value=//span[normalize-space()='Naman datte'], using=xpath}]
Capabilities {acceptInsecureCerts: false, browserName: chrome, browserVersion: 145.0.7632.46, chrome: {chromedriverVersion: 145.0.7632.46 (9b899469dedf..., userDataDir: C:\Users\DELL\AppData\Local...}, fedcm:accounts: true, goog:chromeOptions: {debuggerAddress: localhost:57954}, goog:processID: 11244, networkConnectionEnabled: false, pageLoadStrategy: normal, platformName: windows, proxy: Proxy(), se:cdp: ws://localhost:57954/devtoo..., se:cdpVersion: 145.0.7632.46, setWindowRect: true, strictFileInteractability: false, timeouts: {implicit: 0, pageLoad: 300000, script: 30000}, unhandledPromptBehavior: dismiss and notify, webauthn:extension:credBlob: true, webauthn:extension:largeBlob: true, webauthn:extension:minPinLength: true, webauthn:extension:prf: true, webauthn:virtualAuthenticators: true}
Session ID: a8932db4b6a3205d40c0472c6b5f5fc9 
2026-02-06 17:32:55 [main] INFO com.ui.listeners.TestListener Capturing screenshot for the failed tests 
2026-02-06 17:32:55 [main] INFO com.ui.listeners.TestListener Attaching the screenshot to the html report 
2026-02-06 17:32:55 [main] INFO com.ui.tests.LoginTestNew Load the homepage of the website 
2026-02-06 17:32:55 [main] INFO com.ui.pages.HomePage Launching browser forCHROME 
2026-02-06 17:32:59 [main] INFO com.ui.pages.HomePage Navigating to the Website:https://automationpractice.techwithjatin.com/ 
2026-02-06 17:33:09 [main] INFO com.ui.listeners.TestListener loginCSVTest 
2026-02-06 17:33:09 [main] INFO com.ui.listeners.TestListener verifies with valid credentials user is able to login to the Application 
2026-02-06 17:33:09 [main] INFO com.ui.listeners.TestListener [e2e, sanity] 
2026-02-06 17:33:09 [main] INFO com.ui.pages.HomePage Trying to perform click actio on sign in page 
2026-02-06 17:33:09 [main] INFO com.ui.pages.HomePage Finding element with the locatorBy.xpath: //a[contains(text(),'Sign')] 
2026-02-06 17:33:11 [main] INFO com.ui.pages.HomePage Element found and performing click actionBy.xpath: //a[contains(text(),'Sign')] 
2026-02-06 17:33:13 [main] INFO com.ui.pages.LoginPage Finding element with the locatorBy.xpath: //input[@id='email'] 
2026-02-06 17:33:13 [main] INFO com.ui.pages.LoginPage Element found and clearing the textBy.xpath: //input[@id='email'] 
2026-02-06 17:33:13 [main] INFO com.ui.pages.LoginPage Finding element with the locatorBy.xpath: //input[@id='email'] 
2026-02-06 17:33:13 [main] INFO com.ui.pages.LoginPage Element found and now enter textneyef43651@azeriom.com 
2026-02-06 17:33:14 [main] INFO com.ui.pages.LoginPage Finding element with the locatorBy.xpath: //input[@id='passwd'] 
2026-02-06 17:33:14 [main] INFO com.ui.pages.LoginPage Element found and clearing the textBy.xpath: //input[@id='passwd'] 
2026-02-06 17:33:14 [main] INFO com.ui.pages.LoginPage Finding element with the locatorBy.xpath: //input[@id='passwd'] 
2026-02-06 17:33:14 [main] INFO com.ui.pages.LoginPage Element found and now enter textnaman@2026 
2026-02-06 17:33:14 [main] INFO com.ui.pages.LoginPage Finding element with the locatorBy.xpath: //button[@id='SubmitLogin'] 
2026-02-06 17:33:14 [main] INFO com.ui.pages.LoginPage Element found and performing click actionBy.xpath: //button[@id='SubmitLogin'] 
2026-02-06 17:33:15 [main] INFO com.ui.pages.MyAccountPage Finding element with the locatorBy.xpath: //span[normalize-space()='Naman datte'] 
2026-02-06 17:33:15 [main] INFO com.ui.pages.MyAccountPage Element found and now returning  the visible textNaman datte 
2026-02-06 17:33:15 [main] INFO com.ui.listeners.TestListener loginCSVTest PASSED 
2026-02-06 17:33:15 [main] INFO com.ui.tests.LoginTestNew Load the homepage of the website 
2026-02-06 17:33:15 [main] INFO com.ui.pages.HomePage Launching browser forCHROME 
2026-02-06 17:33:18 [main] INFO com.ui.pages.HomePage Navigating to the Website:https://automationpractice.techwithjatin.com/ 
2026-02-06 17:33:31 [main] INFO com.ui.listeners.TestListener loginCSVTest 
2026-02-06 17:33:31 [main] INFO com.ui.listeners.TestListener verifies with valid credentials user is able to login to the Application 
2026-02-06 17:33:31 [main] INFO com.ui.listeners.TestListener [e2e, sanity] 
2026-02-06 17:33:31 [main] INFO com.ui.pages.HomePage Trying to perform click actio on sign in page 
2026-02-06 17:33:31 [main] INFO com.ui.pages.HomePage Finding element with the locatorBy.xpath: //a[contains(text(),'Sign')] 
2026-02-06 17:33:31 [main] INFO com.ui.pages.HomePage Element found and performing click actionBy.xpath: //a[contains(text(),'Sign')] 
2026-02-06 17:33:32 [main] INFO com.ui.pages.LoginPage Finding element with the locatorBy.xpath: //input[@id='email'] 
2026-02-06 17:33:32 [main] INFO com.ui.pages.LoginPage Element found and clearing the textBy.xpath: //input[@id='email'] 
2026-02-06 17:33:33 [main] INFO com.ui.pages.LoginPage Finding element with the locatorBy.xpath: //input[@id='email'] 
2026-02-06 17:33:33 [main] INFO com.ui.pages.LoginPage Element found and now enter textgupteswari@gmial.com 
2026-02-06 17:33:34 [main] INFO com.ui.pages.LoginPage Finding element with the locatorBy.xpath: //input[@id='passwd'] 
2026-02-06 17:33:34 [main] INFO com.ui.pages.LoginPage Element found and clearing the textBy.xpath: //input[@id='passwd'] 
2026-02-06 17:33:34 [main] INFO com.ui.pages.LoginPage Finding element with the locatorBy.xpath: //input[@id='passwd'] 
2026-02-06 17:33:34 [main] INFO com.ui.pages.LoginPage Element found and now enter textgupodu 
2026-02-06 17:33:34 [main] INFO com.ui.pages.LoginPage Finding element with the locatorBy.xpath: //button[@id='SubmitLogin'] 
2026-02-06 17:33:34 [main] INFO com.ui.pages.LoginPage Element found and performing click actionBy.xpath: //button[@id='SubmitLogin'] 
2026-02-06 17:33:35 [main] INFO com.ui.pages.MyAccountPage Finding element with the locatorBy.xpath: //span[normalize-space()='Naman datte'] 
2026-02-06 17:33:35 [main] ERROR com.ui.listeners.TestListener loginCSVTest FAILED 
2026-02-06 17:33:35 [main] ERROR com.ui.listeners.TestListener no such element: Unable to locate element: {"method":"xpath","selector":"//span[normalize-space()='Naman datte']"}
  (Session info: chrome=145.0.7632.46)
For documentation on this error, please visit: https://www.selenium.dev/documentation/webdriver/troubleshooting/errors#no-such-element-exception
Build info: version: '4.34.0', revision: '707dcb4246*'
System info: os.name: 'Windows 10', os.arch: 'amd64', os.version: '10.0', java.version: '17.0.10'
Driver info: org.openqa.selenium.chrome.ChromeDriver
Command: [d0020b17be75ce13586168d43a249f69, findElement {value=//span[normalize-space()='Naman datte'], using=xpath}]
Capabilities {acceptInsecureCerts: false, browserName: chrome, browserVersion: 145.0.7632.46, chrome: {chromedriverVersion: 145.0.7632.46 (9b899469dedf..., userDataDir: C:\Users\DELL\AppData\Local...}, fedcm:accounts: true, goog:chromeOptions: {debuggerAddress: localhost:58031}, goog:processID: 3312, networkConnectionEnabled: false, pageLoadStrategy: normal, platformName: windows, proxy: Proxy(), se:cdp: ws://localhost:58031/devtoo..., se:cdpVersion: 145.0.7632.46, setWindowRect: true, strictFileInteractability: false, timeouts: {implicit: 0, pageLoad: 300000, script: 30000}, unhandledPromptBehavior: dismiss and notify, webauthn:extension:credBlob: true, webauthn:extension:largeBlob: true, webauthn:extension:minPinLength: true, webauthn:extension:prf: true, webauthn:virtualAuthenticators: true}
Session ID: d0020b17be75ce13586168d43a249f69 
2026-02-06 17:33:35 [main] INFO com.ui.listeners.TestListener Capturing screenshot for the failed tests 
2026-02-06 17:33:35 [main] INFO com.ui.listeners.TestListener Attaching the screenshot to the html report 
2026-02-06 17:33:39 [main] INFO com.ui.tests.LoginTestNew Load the homepage of the website 
2026-02-06 17:33:39 [main] INFO com.ui.pages.HomePage Launching browser forCHROME 
2026-02-06 17:33:42 [main] INFO com.ui.pages.HomePage Navigating to the Website:https://automationpractice.techwithjatin.com/ 
2026-02-06 17:33:55 [main] INFO com.ui.listeners.TestListener loginExcelTest 
2026-02-06 17:33:55 [main] INFO com.ui.listeners.TestListener verifies with valid credentials user is able to login to the Application 
2026-02-06 17:33:55 [main] INFO com.ui.listeners.TestListener [e2e, sanity] 
2026-02-06 17:33:55 [main] INFO com.ui.pages.HomePage Trying to perform click actio on sign in page 
2026-02-06 17:33:55 [main] INFO com.ui.pages.HomePage Finding element with the locatorBy.xpath: //a[contains(text(),'Sign')] 
2026-02-06 17:33:56 [main] INFO com.ui.pages.HomePage Element found and performing click actionBy.xpath: //a[contains(text(),'Sign')] 
2026-02-06 17:33:58 [main] INFO com.ui.pages.LoginPage Finding element with the locatorBy.xpath: //input[@id='email'] 
2026-02-06 17:33:58 [main] INFO com.ui.pages.LoginPage Element found and clearing the textBy.xpath: //input[@id='email'] 
2026-02-06 17:33:58 [main] INFO com.ui.pages.LoginPage Finding element with the locatorBy.xpath: //input[@id='email'] 
2026-02-06 17:33:58 [main] INFO com.ui.pages.LoginPage Element found and now enter textneyef43651@azeriom.com 
2026-02-06 17:33:59 [main] INFO com.ui.pages.LoginPage Finding element with the locatorBy.xpath: //input[@id='passwd'] 
2026-02-06 17:33:59 [main] INFO com.ui.pages.LoginPage Element found and clearing the textBy.xpath: //input[@id='passwd'] 
2026-02-06 17:33:59 [main] INFO com.ui.pages.LoginPage Finding element with the locatorBy.xpath: //input[@id='passwd'] 
2026-02-06 17:33:59 [main] INFO com.ui.pages.LoginPage Element found and now enter textnaman@2026 
2026-02-06 17:33:59 [main] INFO com.ui.pages.LoginPage Finding element with the locatorBy.xpath: //button[@id='SubmitLogin'] 
2026-02-06 17:33:59 [main] INFO com.ui.pages.LoginPage Element found and performing click actionBy.xpath: //button[@id='SubmitLogin'] 
2026-02-06 17:34:01 [main] INFO com.ui.pages.MyAccountPage Finding element with the locatorBy.xpath: //span[normalize-space()='Naman datte'] 
2026-02-06 17:34:01 [main] INFO com.ui.pages.MyAccountPage Element found and now returning  the visible textNaman datte 
2026-02-06 17:34:02 [main] WARN com.ui.listeners.TestListener loginExcelTest SKIPPED 
2026-02-06 17:34:02 [main] INFO com.ui.tests.LoginTestNew Load the homepage of the website 
2026-02-06 17:34:02 [main] INFO com.ui.pages.HomePage Launching browser forCHROME 
2026-02-06 17:34:09 [main] INFO com.ui.pages.HomePage Navigating to the Website:https://automationpractice.techwithjatin.com/ 
2026-02-06 17:34:28 [main] INFO com.ui.listeners.TestListener loginExcelTest 
2026-02-06 17:34:28 [main] INFO com.ui.listeners.TestListener verifies with valid credentials user is able to login to the Application 
2026-02-06 17:34:28 [main] INFO com.ui.listeners.TestListener [e2e, sanity] 
2026-02-06 17:34:28 [main] INFO com.ui.pages.HomePage Trying to perform click actio on sign in page 
2026-02-06 17:34:28 [main] INFO com.ui.pages.HomePage Finding element with the locatorBy.xpath: //a[contains(text(),'Sign')] 
2026-02-06 17:34:28 [main] INFO com.ui.pages.HomePage Element found and performing click actionBy.xpath: //a[contains(text(),'Sign')] 
2026-02-06 17:34:29 [main] INFO com.ui.pages.LoginPage Finding element with the locatorBy.xpath: //input[@id='email'] 
2026-02-06 17:34:30 [main] INFO com.ui.pages.LoginPage Element found and clearing the textBy.xpath: //input[@id='email'] 
2026-02-06 17:34:31 [main] INFO com.ui.pages.LoginPage Finding element with the locatorBy.xpath: //input[@id='email'] 
2026-02-06 17:34:31 [main] INFO com.ui.pages.LoginPage Element found and now enter textneyef43651@azeriom.com 
2026-02-06 17:34:31 [main] INFO com.ui.pages.LoginPage Finding element with the locatorBy.xpath: //input[@id='passwd'] 
2026-02-06 17:34:31 [main] INFO com.ui.pages.LoginPage Element found and clearing the textBy.xpath: //input[@id='passwd'] 
2026-02-06 17:34:32 [main] INFO com.ui.pages.LoginPage Finding element with the locatorBy.xpath: //input[@id='passwd'] 
2026-02-06 17:34:32 [main] INFO com.ui.pages.LoginPage Element found and now enter textnaman@2026 
2026-02-06 17:34:32 [main] INFO com.ui.pages.LoginPage Finding element with the locatorBy.xpath: //button[@id='SubmitLogin'] 
2026-02-06 17:34:32 [main] INFO com.ui.pages.LoginPage Element found and performing click actionBy.xpath: //button[@id='SubmitLogin'] 
2026-02-06 17:34:33 [main] INFO com.ui.pages.MyAccountPage Finding element with the locatorBy.xpath: //span[normalize-space()='Naman datte'] 
2026-02-06 17:34:33 [main] INFO com.ui.pages.MyAccountPage Element found and now returning  the visible textNaman datte 
2026-02-06 17:34:33 [main] WARN com.ui.listeners.TestListener loginExcelTest SKIPPED 
2026-02-06 17:34:33 [main] INFO com.ui.tests.LoginTestNew Load the homepage of the website 
2026-02-06 17:34:33 [main] INFO com.ui.pages.HomePage Launching browser forCHROME 
2026-02-06 17:34:36 [main] INFO com.ui.pages.HomePage Navigating to the Website:https://automationpractice.techwithjatin.com/ 
2026-02-06 17:34:50 [main] INFO com.ui.listeners.TestListener loginExcelTest 
2026-02-06 17:34:50 [main] INFO com.ui.listeners.TestListener verifies with valid credentials user is able to login to the Application 
2026-02-06 17:34:50 [main] INFO com.ui.listeners.TestListener [e2e, sanity] 
2026-02-06 17:34:50 [main] INFO com.ui.pages.HomePage Trying to perform click actio on sign in page 
2026-02-06 17:34:50 [main] INFO com.ui.pages.HomePage Finding element with the locatorBy.xpath: //a[contains(text(),'Sign')] 
2026-02-06 17:34:50 [main] INFO com.ui.pages.HomePage Element found and performing click actionBy.xpath: //a[contains(text(),'Sign')] 
2026-02-06 17:34:51 [main] INFO com.ui.pages.LoginPage Finding element with the locatorBy.xpath: //input[@id='email'] 
2026-02-06 17:34:51 [main] INFO com.ui.pages.LoginPage Element found and clearing the textBy.xpath: //input[@id='email'] 
2026-02-06 17:34:51 [main] INFO com.ui.pages.LoginPage Finding element with the locatorBy.xpath: //input[@id='email'] 
2026-02-06 17:34:51 [main] INFO com.ui.pages.LoginPage Element found and now enter textneyef43651@azeriom.com 
2026-02-06 17:34:52 [main] INFO com.ui.pages.LoginPage Finding element with the locatorBy.xpath: //input[@id='passwd'] 
2026-02-06 17:34:52 [main] INFO com.ui.pages.LoginPage Element found and clearing the textBy.xpath: //input[@id='passwd'] 
2026-02-06 17:34:52 [main] INFO com.ui.pages.LoginPage Finding element with the locatorBy.xpath: //input[@id='passwd'] 
2026-02-06 17:34:52 [main] INFO com.ui.pages.LoginPage Element found and now enter textnaman@2026 
2026-02-06 17:34:52 [main] INFO com.ui.pages.LoginPage Finding element with the locatorBy.xpath: //button[@id='SubmitLogin'] 
2026-02-06 17:34:52 [main] INFO com.ui.pages.LoginPage Element found and performing click actionBy.xpath: //button[@id='SubmitLogin'] 
2026-02-06 17:34:56 [main] INFO com.ui.pages.MyAccountPage Finding element with the locatorBy.xpath: //span[normalize-space()='Naman datte'] 
2026-02-06 17:34:56 [main] INFO com.ui.pages.MyAccountPage Element found and now returning  the visible textNaman datte 
2026-02-06 17:34:56 [main] WARN com.ui.listeners.TestListener loginExcelTest SKIPPED 
2026-02-06 17:34:57 [main] INFO com.ui.tests.LoginTestNew Load the homepage of the website 
2026-02-06 17:34:57 [main] INFO com.ui.pages.HomePage Launching browser forCHROME 
2026-02-06 17:35:07 [main] INFO com.ui.pages.HomePage Navigating to the Website:https://automationpractice.techwithjatin.com/ 
2026-02-06 17:35:20 [main] INFO com.ui.listeners.TestListener loginExcelTest 
2026-02-06 17:35:20 [main] INFO com.ui.listeners.TestListener verifies with valid credentials user is able to login to the Application 
2026-02-06 17:35:20 [main] INFO com.ui.listeners.TestListener [e2e, sanity] 
2026-02-06 17:35:20 [main] INFO com.ui.pages.HomePage Trying to perform click actio on sign in page 
2026-02-06 17:35:20 [main] INFO com.ui.pages.HomePage Finding element with the locatorBy.xpath: //a[contains(text(),'Sign')] 
2026-02-06 17:35:32 [main] INFO com.ui.pages.HomePage Element found and performing click actionBy.xpath: //a[contains(text(),'Sign')] 
2026-02-06 17:35:33 [main] INFO com.ui.pages.LoginPage Finding element with the locatorBy.xpath: //input[@id='email'] 
2026-02-06 17:35:33 [main] INFO com.ui.pages.LoginPage Element found and clearing the textBy.xpath: //input[@id='email'] 
2026-02-06 17:35:33 [main] INFO com.ui.pages.LoginPage Finding element with the locatorBy.xpath: //input[@id='email'] 
2026-02-06 17:35:33 [main] INFO com.ui.pages.LoginPage Element found and now enter textneyef43651@azeriom.com 
2026-02-06 17:35:33 [main] INFO com.ui.pages.LoginPage Finding element with the locatorBy.xpath: //input[@id='passwd'] 
2026-02-06 17:35:33 [main] INFO com.ui.pages.LoginPage Element found and clearing the textBy.xpath: //input[@id='passwd'] 
2026-02-06 17:35:33 [main] INFO com.ui.pages.LoginPage Finding element with the locatorBy.xpath: //input[@id='passwd'] 
2026-02-06 17:35:33 [main] INFO com.ui.pages.LoginPage Element found and now enter textnaman@2026 
2026-02-06 17:35:33 [main] INFO com.ui.pages.LoginPage Finding element with the locatorBy.xpath: //button[@id='SubmitLogin'] 
2026-02-06 17:35:33 [main] INFO com.ui.pages.LoginPage Element found and performing click actionBy.xpath: //button[@id='SubmitLogin'] 
2026-02-06 17:35:34 [main] INFO com.ui.pages.MyAccountPage Finding element with the locatorBy.xpath: //span[normalize-space()='Naman datte'] 
2026-02-06 17:35:34 [main] INFO com.ui.pages.MyAccountPage Element found and now returning  the visible textNaman datte 
2026-02-06 17:35:34 [main] ERROR com.ui.listeners.TestListener loginExcelTest FAILED 
2026-02-06 17:35:34 [main] ERROR com.ui.listeners.TestListener expected [Naman datte1] but found [Naman datte] 
2026-02-06 17:35:34 [main] INFO com.ui.listeners.TestListener Capturing screenshot for the failed tests 
2026-02-06 17:35:35 [main] INFO com.ui.listeners.TestListener Attaching the screenshot to the html report 
2026-02-06 17:35:35 [main] INFO com.ui.tests.LoginTestNew Load the homepage of the website 
2026-02-06 17:35:35 [main] INFO com.ui.pages.HomePage Launching browser forCHROME 
2026-02-06 17:35:41 [main] INFO com.ui.pages.HomePage Navigating to the Website:https://automationpractice.techwithjatin.com/ 
2026-02-06 17:35:57 [main] INFO com.ui.listeners.TestListener loginTest 
2026-02-06 17:35:57 [main] INFO com.ui.listeners.TestListener verifies with valid credentials user is able to login to the Application 
2026-02-06 17:35:57 [main] INFO com.ui.listeners.TestListener [e2e, sanity] 
2026-02-06 17:35:57 [main] INFO com.ui.pages.HomePage Trying to perform click actio on sign in page 
2026-02-06 17:35:57 [main] INFO com.ui.pages.HomePage Finding element with the locatorBy.xpath: //a[contains(text(),'Sign')] 
2026-02-06 17:35:57 [main] INFO com.ui.pages.HomePage Element found and performing click actionBy.xpath: //a[contains(text(),'Sign')] 
2026-02-06 17:35:58 [main] INFO com.ui.pages.LoginPage Finding element with the locatorBy.xpath: //input[@id='email'] 
2026-02-06 17:35:58 [main] INFO com.ui.pages.LoginPage Element found and clearing the textBy.xpath: //input[@id='email'] 
2026-02-06 17:35:59 [main] INFO com.ui.pages.LoginPage Finding element with the locatorBy.xpath: //input[@id='email'] 
2026-02-06 17:35:59 [main] INFO com.ui.pages.LoginPage Element found and now enter textspmaverick@gmail.com 
2026-02-06 17:35:59 [main] INFO com.ui.pages.LoginPage Finding element with the locatorBy.xpath: //input[@id='passwd'] 
2026-02-06 17:35:59 [main] INFO com.ui.pages.LoginPage Element found and clearing the textBy.xpath: //input[@id='passwd'] 
2026-02-06 17:36:00 [main] INFO com.ui.pages.LoginPage Finding element with the locatorBy.xpath: //input[@id='passwd'] 
2026-02-06 17:36:00 [main] INFO com.ui.pages.LoginPage Element found and now enter textpassword 
2026-02-06 17:36:00 [main] INFO com.ui.pages.LoginPage Finding element with the locatorBy.xpath: //button[@id='SubmitLogin'] 
2026-02-06 17:36:00 [main] INFO com.ui.pages.LoginPage Element found and performing click actionBy.xpath: //button[@id='SubmitLogin'] 
2026-02-06 17:36:01 [main] INFO com.ui.pages.MyAccountPage Finding element with the locatorBy.xpath: //span[normalize-space()='Naman datte'] 
2026-02-06 17:36:01 [main] ERROR com.ui.listeners.TestListener loginTest FAILED 
2026-02-06 17:36:01 [main] ERROR com.ui.listeners.TestListener no such element: Unable to locate element: {"method":"xpath","selector":"//span[normalize-space()='Naman datte']"}
  (Session info: chrome=145.0.7632.46)
For documentation on this error, please visit: https://www.selenium.dev/documentation/webdriver/troubleshooting/errors#no-such-element-exception
Build info: version: '4.34.0', revision: '707dcb4246*'
System info: os.name: 'Windows 10', os.arch: 'amd64', os.version: '10.0', java.version: '17.0.10'
Driver info: org.openqa.selenium.chrome.ChromeDriver
Command: [17229efc7df4f328f5ab98d80a5560e2, findElement {value=//span[normalize-space()='Naman datte'], using=xpath}]
Capabilities {acceptInsecureCerts: false, browserName: chrome, browserVersion: 145.0.7632.46, chrome: {chromedriverVersion: 145.0.7632.46 (9b899469dedf..., userDataDir: C:\Users\DELL\AppData\Local...}, fedcm:accounts: true, goog:chromeOptions: {debuggerAddress: localhost:58222}, goog:processID: 13932, networkConnectionEnabled: false, pageLoadStrategy: normal, platformName: windows, proxy: Proxy(), se:cdp: ws://localhost:58222/devtoo..., se:cdpVersion: 145.0.7632.46, setWindowRect: true, strictFileInteractability: false, timeouts: {implicit: 0, pageLoad: 300000, script: 30000}, unhandledPromptBehavior: dismiss and notify, webauthn:extension:credBlob: true, webauthn:extension:largeBlob: true, webauthn:extension:minPinLength: true, webauthn:extension:prf: true, webauthn:virtualAuthenticators: true}
Session ID: 17229efc7df4f328f5ab98d80a5560e2 
2026-02-06 17:36:01 [main] INFO com.ui.listeners.TestListener Capturing screenshot for the failed tests 
2026-02-06 17:36:02 [main] INFO com.ui.listeners.TestListener Attaching the screenshot to the html report 
2026-02-06 17:36:02 [main] INFO com.ui.tests.LoginTestNew Load the homepage of the website 
2026-02-06 17:36:02 [main] INFO com.ui.pages.HomePage Launching browser forCHROME 
2026-02-06 17:36:15 [main] INFO com.ui.pages.HomePage Navigating to the Website:https://automationpractice.techwithjatin.com/ 
2026-02-06 17:36:29 [main] INFO com.ui.listeners.TestListener loginTest 
2026-02-06 17:36:29 [main] INFO com.ui.listeners.TestListener verifies with valid credentials user is able to login to the Application 
2026-02-06 17:36:29 [main] INFO com.ui.listeners.TestListener [e2e, sanity] 
2026-02-06 17:36:29 [main] INFO com.ui.pages.HomePage Trying to perform click actio on sign in page 
2026-02-06 17:36:29 [main] INFO com.ui.pages.HomePage Finding element with the locatorBy.xpath: //a[contains(text(),'Sign')] 
2026-02-06 17:36:29 [main] INFO com.ui.pages.HomePage Element found and performing click actionBy.xpath: //a[contains(text(),'Sign')] 
2026-02-06 17:36:33 [main] INFO com.ui.pages.LoginPage Finding element with the locatorBy.xpath: //input[@id='email'] 
2026-02-06 17:36:33 [main] INFO com.ui.pages.LoginPage Element found and clearing the textBy.xpath: //input[@id='email'] 
2026-02-06 17:36:33 [main] INFO com.ui.pages.LoginPage Finding element with the locatorBy.xpath: //input[@id='email'] 
2026-02-06 17:36:33 [main] INFO com.ui.pages.LoginPage Element found and now enter textneyef43651@azeriom.com 
2026-02-06 17:36:34 [main] INFO com.ui.pages.LoginPage Finding element with the locatorBy.xpath: //input[@id='passwd'] 
2026-02-06 17:36:34 [main] INFO com.ui.pages.LoginPage Element found and clearing the textBy.xpath: //input[@id='passwd'] 
2026-02-06 17:36:34 [main] INFO com.ui.pages.LoginPage Finding element with the locatorBy.xpath: //input[@id='passwd'] 
2026-02-06 17:36:34 [main] INFO com.ui.pages.LoginPage Element found and now enter textnaman@2026 
2026-02-06 17:36:34 [main] INFO com.ui.pages.LoginPage Finding element with the locatorBy.xpath: //button[@id='SubmitLogin'] 
2026-02-06 17:36:34 [main] INFO com.ui.pages.LoginPage Element found and performing click actionBy.xpath: //button[@id='SubmitLogin'] 
2026-02-06 17:36:36 [main] INFO com.ui.pages.MyAccountPage Finding element with the locatorBy.xpath: //span[normalize-space()='Naman datte'] 
2026-02-06 17:36:36 [main] INFO com.ui.pages.MyAccountPage Element found and now returning  the visible textNaman datte 
2026-02-06 17:36:36 [main] INFO com.ui.listeners.TestListener loginTest PASSED 
2026-02-06 17:36:36 [main] INFO com.ui.listeners.TestListener Test Suite Completed 
