<?xml version="1.0" encoding="UTF-8"?>
<testng-results ignored="0" total="1" passed="0" failed="1" skipped="0">
  <reporter-output>
  </reporter-output>
  <suite started-at="2026-02-09T09:02:49 IST" name="Default suite" finished-at="2026-02-09T09:03:01 IST" duration-ms="12731">
    <groups>
      <group name="smoke">
        <method signature="SearchProductTest.veerifyProductSearchTest()[pri:0, instance:com.ui.tests.SearchProductTest@352c1b98]" name="veerifyProductSearchTest" class="com.ui.tests.SearchProductTest"/>
      </group> <!-- smoke -->
      <group name="sanity">
        <method signature="SearchProductTest.veerifyProductSearchTest()[pri:0, instance:com.ui.tests.SearchProductTest@352c1b98]" name="veerifyProductSearchTest" class="com.ui.tests.SearchProductTest"/>
      </group> <!-- sanity -->
      <group name="e2e">
        <method signature="SearchProductTest.veerifyProductSearchTest()[pri:0, instance:com.ui.tests.SearchProductTest@352c1b98]" name="veerifyProductSearchTest" class="com.ui.tests.SearchProductTest"/>
      </group> <!-- e2e -->
    </groups>
    <test started-at="2026-02-09T09:02:49 IST" name="Default test" finished-at="2026-02-09T09:03:01 IST" duration-ms="12731">
      <class name="com.ui.tests.SearchProductTest">
        <test-method is-config="true" signature="setUp(java.lang.String,boolean,boolean,org.testng.ITestResult)[pri:0, instance:com.ui.tests.SearchProductTest@352c1b98]" started-at="2026-02-09T09:02:49 IST" name="setUp" description="Load the homepage of the website" finished-at="2026-02-09T09:02:58 IST" duration-ms="8574" status="PASS">
          <params>
            <param index="0">
              <value>
                <![CDATA[chrome]]>
              </value>
            </param>
            <param index="1">
              <value>
                <![CDATA[false]]>
              </value>
            </param>
            <param index="2">
              <value>
                <![CDATA[false]]>
              </value>
            </param>
            <param index="3">
              <value>
                <![CDATA[[TestResult name={null} status=CREATED method=SearchProductTest.veerifyProductSearchTest()[pri:0, instance:com.ui.tests.SearchProductTest@352c1b98] output={null}]]]>
              </value>
            </param>
          </params>
          <reporter-output>
          </reporter-output>
        </test-method> <!-- setUp -->
        <test-method is-config="true" signature="setUp()[pri:0, instance:com.ui.tests.SearchProductTest@352c1b98]" started-at="2026-02-09T09:02:58 IST" name="setUp" description="Valid user logs into the application" finished-at="2026-02-09T09:03:00 IST" duration-ms="1988" status="PASS">
          <reporter-output>
          </reporter-output>
        </test-method> <!-- setUp -->
        <test-method signature="veerifyProductSearchTest()[pri:0, instance:com.ui.tests.SearchProductTest@352c1b98]" started-at="2026-02-09T09:03:00 IST" name="veerifyProductSearchTest" description="Verify if the logged in user is able to search for a product and correct products search" finished-at="2026-02-09T09:03:01 IST" duration-ms="996" status="FAIL">
          <exception class="java.lang.AssertionError">
            <message>
              <![CDATA[true expected [true] but found [false]]]>
            </message>
            <full-stacktrace>
              <![CDATA[java.lang.AssertionError: true expected [true] but found [false]
at org.testng.Assert.fail(Assert.java:99)
at org.testng.Assert.failNotEquals(Assert.java:1037)
at org.testng.Assert.assertTrue(Assert.java:45)
at com.ui.tests.SearchProductTest.veerifyProductSearchTest(SearchProductTest.java:28)
at java.base/jdk.internal.reflect.NativeMethodAccessorImpl.invoke0(Native Method)
at java.base/jdk.internal.reflect.NativeMethodAccessorImpl.invoke(NativeMethodAccessorImpl.java:77)
at java.base/jdk.internal.reflect.DelegatingMethodAccessorImpl.invoke(DelegatingMethodAccessorImpl.java:43)
at java.base/java.lang.reflect.Method.invoke(Method.java:568)
at org.testng.internal.MethodInvocationHelper.invokeMethod(MethodInvocationHelper.java:133)
at org.testng.internal.TestInvoker.invokeMethod(TestInvoker.java:598)
at org.testng.internal.TestInvoker.invokeTestMethod(TestInvoker.java:173)
at org.testng.internal.MethodRunner.runInSequence(MethodRunner.java:46)
at org.testng.internal.TestInvoker$MethodInvocationAgent.invoke(TestInvoker.java:824)
at org.testng.internal.TestInvoker.invokeTestMethods(TestInvoker.java:146)
at org.testng.internal.TestMethodWorker.invokeTestMethods(TestMethodWorker.java:146)
at org.testng.internal.TestMethodWorker.run(TestMethodWorker.java:128)
at java.base/java.util.ArrayList.forEach(ArrayList.java:1511)
at org.testng.TestRunner.privateRun(TestRunner.java:794)
at org.testng.TestRunner.run(TestRunner.java:596)
at org.testng.SuiteRunner.runTest(SuiteRunner.java:377)
at org.testng.SuiteRunner.runSequentially(SuiteRunner.java:371)
at org.testng.SuiteRunner.privateRun(SuiteRunner.java:332)
at org.testng.SuiteRunner.run(SuiteRunner.java:276)
at org.testng.SuiteRunnerWorker.runSuite(SuiteRunnerWorker.java:53)
at org.testng.SuiteRunnerWorker.run(SuiteRunnerWorker.java:96)
at org.testng.TestNG.runSuitesSequentially(TestNG.java:1212)
at org.testng.TestNG.runSuitesLocally(TestNG.java:1134)
at org.testng.TestNG.runSuites(TestNG.java:1063)
at org.testng.TestNG.run(TestNG.java:1031)
at org.testng.remote.AbstractRemoteTestNG.run(AbstractRemoteTestNG.java:115)
at org.testng.remote.RemoteTestNG.initAndRun(RemoteTestNG.java:293)
at org.testng.remote.RemoteTestNG.main(RemoteTestNG.java:91)
]]>
            </full-stacktrace>
          </exception> <!-- java.lang.AssertionError -->
          <reporter-output>
          </reporter-output>
        </test-method> <!-- veerifyProductSearchTest -->
        <test-method is-config="true" signature="tearDown()[pri:0, instance:com.ui.tests.SearchProductTest@352c1b98]" started-at="2026-02-09T09:03:01 IST" name="tearDown" description="Tear Down the browser" finished-at="2026-02-09T09:03:01 IST" duration-ms="467" status="PASS">
          <reporter-output>
          </reporter-output>
        </test-method> <!-- tearDown -->
      </class> <!-- com.ui.tests.SearchProductTest -->
    </test> <!-- Default test -->
  </suite> <!-- Default suite -->
</testng-results>
