<?xml version="1.0" encoding="UTF-8"?>
<testng-results ignored="0" total="1" passed="1" failed="0" skipped="0">
  <reporter-output>
  </reporter-output>
  <suite started-at="2026-02-10T11:27:38 IST" name="Default suite" finished-at="2026-02-10T11:27:56 IST" duration-ms="18676">
    <groups>
      <group name="smoke">
        <method signature="ProductCheckoutTest.checkOutTest()[pri:0, instance:com.ui.tests.ProductCheckoutTest@225129c]" name="checkOutTest" class="com.ui.tests.ProductCheckoutTest"/>
      </group> <!-- smoke -->
      <group name="sanity">
        <method signature="ProductCheckoutTest.checkOutTest()[pri:0, instance:com.ui.tests.ProductCheckoutTest@225129c]" name="checkOutTest" class="com.ui.tests.ProductCheckoutTest"/>
      </group> <!-- sanity -->
      <group name="e2e">
        <method signature="ProductCheckoutTest.checkOutTest()[pri:0, instance:com.ui.tests.ProductCheckoutTest@225129c]" name="checkOutTest" class="com.ui.tests.ProductCheckoutTest"/>
      </group> <!-- e2e -->
    </groups>
    <test started-at="2026-02-10T11:27:38 IST" name="Default test" finished-at="2026-02-10T11:27:56 IST" duration-ms="18676">
      <class name="com.ui.tests.ProductCheckoutTest">
        <test-method is-config="true" signature="setUp(java.lang.String,boolean,boolean,org.testng.ITestResult)[pri:0, instance:com.ui.tests.ProductCheckoutTest@225129c]" started-at="2026-02-10T11:27:38 IST" name="setUp" description="Load the homepage of the website" finished-at="2026-02-10T11:27:50 IST" duration-ms="11721" status="PASS">
          <params>
            <param index="0">
              <value>
                <![CDATA[chrome]]>
              </value>
            </param>
            <param index="1">
              <value>
                <![CDATA[false]]>
              </value>
            </param>
            <param index="2">
              <value>
                <![CDATA[false]]>
              </value>
            </param>
            <param index="3">
              <value>
                <![CDATA[[TestResult name={null} status=CREATED method=ProductCheckoutTest.checkOutTest()[pri:0, instance:com.ui.tests.ProductCheckoutTest@225129c] output={null}]]]>
              </value>
            </param>
          </params>
          <reporter-output>
          </reporter-output>
        </test-method> <!-- setUp -->
        <test-method is-config="true" signature="setUp()[pri:0, instance:com.ui.tests.ProductCheckoutTest@225129c]" started-at="2026-02-10T11:27:50 IST" name="setUp" description="User logs into the application and searches for a product" finished-at="2026-02-10T11:27:53 IST" duration-ms="3542" status="PASS">
          <reporter-output>
          </reporter-output>
        </test-method> <!-- setUp -->
        <test-method signature="checkOutTest()[pri:0, instance:com.ui.tests.ProductCheckoutTest@225129c]" started-at="2026-02-10T11:27:53 IST" name="checkOutTest" description="Verify if the logged in user is able to buy a dress" finished-at="2026-02-10T11:27:56 IST" duration-ms="3325" status="PASS">
          <reporter-output>
          </reporter-output>
        </test-method> <!-- checkOutTest -->
      </class> <!-- com.ui.tests.ProductCheckoutTest -->
    </test> <!-- Default test -->
  </suite> <!-- Default suite -->
</testng-results>
